#
# A fatal error has been detected by the Java Runtime Environment:
#
#  EXCEPTION_ACCESS_VIOLATION (0xc0000005) at pc=0x00000000024139eb, pid=9840, tid=0x0000000000002220
#
# JRE version: OpenJDK Runtime Environment (8.0_152-b01) (build 1.8.0_152-release-1248-b01)
# Java VM: OpenJDK 64-Bit Server VM (25.152-b01 mixed mode windows-amd64 compressed oops)
# Problematic frame:
# j  org.gradle.internal.event.DefaultListenerManager$EventBroadcast.ensureAllWithLoggerInitialized()V+0
#
# Failed to write core dump. Minidumps are not enabled by default on client versions of Windows
#
# If you would like to submit a bug report, please visit:
#   http://bugreport.java.com/bugreport/crash.jsp
#

---------------  T H R E A D  ---------------

Current thread (0x0000000019798800):  JavaThread "Daemon worker Thread 2" [_thread_in_Java, id=8736, stack(0x000000001f870000,0x000000001f970000)]

siginfo: ExceptionCode=0xc0000005, reading address 0x00000000602ff958

Registers:
RAX=0x00000000602ff950, RBX=0x00000000162d0c38, RCX=0x000000003f800000, RDX=0x00000000162d1408
RSP=0x000000001f96dba8, RBP=0x000000001f96dbe8, RSI=0x00000000214f4568, RDI=0x00000000a00001e8
R8 =0x0000000000000001, R9 =0x0000000000000000, R10=0x0000000000000001, R11=0x0000000027fe912d
R12=0x0000000000000000, R13=0x00000000162d0bf0, R14=0x000000001f96dbf8, R15=0x0000000019798800
RIP=0x00000000024139eb, EFLAGS=0x0000000000010206

Top of Stack: (sp=0x000000001f96dba8)
0x000000001f96dba8:   000000001f96dba8 00000000162d0bf0
0x000000001f96dbb8:   000000001f96dbf8 00000000162d1408
0x000000001f96dbc8:   0000000020aff950 00000000162d0c38
0x000000001f96dbd8:   0000000000000000 000000001f96dc00
0x000000001f96dbe8:   000000001f96dd00 0000000002efc97c
0x000000001f96dbf8:   00000000a03e4200 000000001f96dc18
0x000000001f96dc08:   000000001f96dc90 000000000240809d
0x000000001f96dc18:   00000000a03b3bb0 0000000000000020
0x000000001f96dc28:   0000000000000000 0000000000000020
0x000000001f96dc38:   00000000a08a7418 00000000e6f111c8
0x000000001f96dc48:   00000000a03e4200 00000000e6f11130
0x000000001f96dc58:   000000000439cab4 000000001f96dcb8
0x000000001f96dc68:   0000000015e80a28 0000000000000000
0x000000001f96dc78:   0000000015d396e8 00000000a03e4200
0x000000001f96dc88:   000000001f96dcb8 000000001f96dd00
0x000000001f96dc98:   000000000240809d 000000001f96dd00 

Instructions: (pc=0x00000000024139eb)
0x00000000024139cb:   7d 02 00 00 01 48 8b 45 e0 48 85 c0 0f 84 8a 00
0x00000000024139db:   00 00 8b 48 fc 85 c9 0f 88 7f 00 00 00 48 03 c1
0x00000000024139eb:   48 8b 48 08 48 83 e9 02 48 8b 54 c8 10 48 f7 da
0x00000000024139fb:   49 8b 14 d6 48 85 d2 75 0b 48 81 4c c8 18 01 00 


Register to memory mapping:

RAX=0x00000000602ff950 is an unknown value
RBX={method} {0x00000000162d0c40} 'ensureAllWithLoggerInitialized' '()V' in 'org/gradle/internal/event/DefaultListenerManager$EventBroadcast'
RCX=0x000000003f800000 is an unknown value
RDX=0x00000000162d1408 is pointing into metadata
RSP=0x000000001f96dba8 is pointing into the stack for thread: 0x0000000019798800
RBP=0x000000001f96dbe8 is pointing into the stack for thread: 0x0000000019798800
RSI=0x00000000214f4568 is pointing into metadata
RDI=0x00000000a00001e8 is an oop
java.lang.Object 
 - klass: 'java/lang/Object'
R8 =0x0000000000000001 is an unknown value
R9 =0x0000000000000000 is an unknown value
R10=0x0000000000000001 is an unknown value
R11=0x0000000027fe912d is pointing into metadata
R12=0x0000000000000000 is an unknown value
R13=0x00000000162d0bf0 is pointing into metadata
R14=0x000000001f96dbf8 is pointing into the stack for thread: 0x0000000019798800
R15=0x0000000019798800 is a thread


Stack: [0x000000001f870000,0x000000001f970000],  sp=0x000000001f96dba8,  free space=1014k
Native frames: (J=compiled Java code, j=interpreted, Vv=VM code, C=native code)
C  0x00000000024139eb


---------------  P R O C E S S  ---------------

Java Threads: ( => current thread )
  0x000000001be64800 JavaThread "Stdin handler" [_thread_blocked, id=10956, stack(0x000000001b6e0000,0x000000001b7e0000)]
  0x0000000019797800 JavaThread "Asynchronous log dispatcher for DefaultDaemonConnection: socket connection from /127.0.0.1:55085 to /127.0.0.1:55302" [_thread_blocked, id=13300, stack(0x0000000020e90000,0x0000000020f90000)]
=>0x0000000019798800 JavaThread "Daemon worker Thread 2" [_thread_in_Java, id=8736, stack(0x000000001f870000,0x000000001f970000)]
  0x000000001979d000 JavaThread "Cancel handler" [_thread_blocked, id=11096, stack(0x000000001bb40000,0x000000001bc40000)]
  0x000000001979c000 JavaThread "Handler for socket connection from /127.0.0.1:55085 to /127.0.0.1:55302" [_thread_in_native, id=12156, stack(0x000000001b5a0000,0x000000001b6a0000)]
  0x000000001979d800 JavaThread "Daemon Thread 2" [_thread_blocked, id=9956, stack(0x000000001b180000,0x000000001b280000)]
  0x000000001be6e000 JavaThread "Cache worker for file content cache (C:\Users\Michel\.gradle\caches\4.10.1\fileContent)" [_thread_blocked, id=12992, stack(0x0000000025dd0000,0x0000000025ed0000)]
  0x000000001be6d800 JavaThread "Memory manager" [_thread_blocked, id=12772, stack(0x0000000025aa0000,0x0000000025ba0000)]
  0x000000001be66000 JavaThread "Cache worker for Artifact transforms cache (C:\Users\Michel\.gradle\caches\transforms-1)" [_thread_blocked, id=12500, stack(0x000000001f520000,0x000000001f620000)]
  0x000000001be60800 JavaThread "Cache worker for journal cache (C:\Users\Michel\.gradle\caches\journal-1)" [_thread_blocked, id=13256, stack(0x000000001e210000,0x000000001e310000)]
  0x000000001c07d000 JavaThread "File lock request listener" [_thread_in_native, id=9408, stack(0x000000001d080000,0x000000001d180000)]
  0x000000001bedd000 JavaThread "Cache worker for file hash cache (C:\Users\Michel\.gradle\caches\4.10.1\fileHashes)" [_thread_blocked, id=12228, stack(0x000000001cee0000,0x000000001cfe0000)]
  0x000000001a272800 JavaThread "Daemon periodic checks" [_thread_blocked, id=11744, stack(0x000000001abe0000,0x000000001ace0000)]
  0x000000001992a000 JavaThread "Incoming local TCP Connector on port 55085" [_thread_in_native, id=13020, stack(0x000000001afc0000,0x000000001b0c0000)]
  0x00000000175c0800 JavaThread "Service Thread" daemon [_thread_blocked, id=4816, stack(0x00000000192e0000,0x00000000193e0000)]
  0x0000000017587800 JavaThread "C1 CompilerThread3" daemon [_thread_blocked, id=11108, stack(0x00000000191e0000,0x00000000192e0000)]
  0x000000001756e800 JavaThread "C2 CompilerThread2" daemon [_thread_blocked, id=9940, stack(0x0000000019050000,0x0000000019150000)]
  0x0000000017528800 JavaThread "C2 CompilerThread1" daemon [_thread_blocked, id=11336, stack(0x0000000018e40000,0x0000000018f40000)]
  0x000000001751f800 JavaThread "C2 CompilerThread0" daemon [_thread_blocked, id=8096, stack(0x0000000018730000,0x0000000018830000)]
  0x000000001751d800 JavaThread "Attach Listener" daemon [_thread_blocked, id=5188, stack(0x0000000018c80000,0x0000000018d80000)]
  0x000000001751c000 JavaThread "Signal Dispatcher" daemon [_thread_blocked, id=8532, stack(0x0000000018aa0000,0x0000000018ba0000)]
  0x000000001657c000 JavaThread "Finalizer" daemon [_thread_blocked, id=12448, stack(0x0000000018860000,0x0000000018960000)]
  0x0000000016575800 JavaThread "Reference Handler" daemon [_thread_blocked, id=13036, stack(0x0000000018620000,0x0000000018720000)]
  0x000000000024e800 JavaThread "main" [_thread_blocked, id=11736, stack(0x0000000002030000,0x0000000002130000)]

Other Threads:
  0x00000000174d0800 VMThread [stack: 0x0000000018470000,0x0000000018570000] [id=10268]
  0x00000000175a7800 WatcherThread [stack: 0x0000000018980000,0x0000000018a80000] [id=12092]

VM state:not at safepoint (normal execution)

VM Mutex/Monitor currently owned by a thread: None

Heap:
 PSYoungGen      total 425472K, used 136511K [0x00000000e0000000, 0x00000000ffa00000, 0x0000000100000000)
  eden space 403456K, 28% used [0x00000000e0000000,0x00000000e6ffb870,0x00000000f8a00000)
  from space 22016K, 99% used [0x00000000f8a00000,0x00000000f9f545d0,0x00000000f9f80000)
  to   space 56320K, 0% used [0x00000000fc300000,0x00000000fc300000,0x00000000ffa00000)
 ParOldGen       total 242688K, used 188133K [0x00000000a0000000, 0x00000000aed00000, 0x00000000e0000000)
  object space 242688K, 77% used [0x00000000a0000000,0x00000000ab7b97d0,0x00000000aed00000)
 Metaspace       used 99217K, capacity 102766K, committed 102960K, reserved 1138688K
  class space    used 12741K, capacity 13588K, committed 13616K, reserved 1048576K

Card table byte_map: [0x00000000117c0000,0x0000000011ad0000] byte_map_base: 0x00000000112c0000

Marking Bits: (ParMarkBitMap*) 0x0000000051705aa0
 Begin Bits: [0x0000000012890000, 0x0000000014090000)
 End Bits:   [0x0000000014090000, 0x0000000015890000)

Polling page: 0x0000000000250000

CodeCache: size=245760Kb used=47549Kb max_used=47929Kb free=198210Kb
 bounds [0x0000000002400000, 0x0000000005330000, 0x0000000011400000]
 total_blobs=14776 nmethods=13872 adapters=815
 compilation: enabled

Compilation events (10 events):
Event: 318.424 Thread 0x0000000017587800 17760       1       java.io.ObjectInputStream::access$900 (5 bytes)
Event: 318.424 Thread 0x0000000017587800 nmethod 17760 0x00000000050c3850 code [0x00000000050c39a0, 0x00000000050c3a90]
Event: 318.424 Thread 0x0000000017587800 17759       1       java.io.ObjectInputStream::access$400 (5 bytes)
Event: 318.424 Thread 0x0000000017587800 nmethod 17759 0x0000000004a82690 code [0x0000000004a827e0, 0x0000000004a828d0]
Event: 318.433 Thread 0x0000000017587800 17761       3       java.util.Collections$UnmodifiableMap$UnmodifiableEntrySet$1::hasNext (10 bytes)
Event: 318.433 Thread 0x0000000017587800 nmethod 17761 0x000000000513b450 code [0x000000000513b5c0, 0x000000000513b7e8]
Event: 318.435 Thread 0x0000000017587800 17762       3       java.lang.ProcessEnvironment::put (16 bytes)
Event: 318.435 Thread 0x0000000017587800 nmethod 17762 0x00000000025a4210 code [0x00000000025a43c0, 0x00000000025a48b8]
Event: 318.435 Thread 0x0000000017587800 17763       3       java.lang.ProcessEnvironment::validateName (54 bytes)
Event: 318.436 Thread 0x0000000017587800 nmethod 17763 0x00000000052e6e90 code [0x00000000052e70a0, 0x00000000052e7c68]

GC Heap History (10 events):
Event: 25.394 GC heap before
{Heap before GC invocations=21 (full 4):
 PSYoungGen      total 312832K, used 36856K [0x00000000e0000000, 0x00000000fce00000, 0x0000000100000000)
  eden space 275968K, 0% used [0x00000000e0000000,0x00000000e0000000,0x00000000f0d80000)
  from space 36864K, 99% used [0x00000000f0d80000,0x00000000f317e298,0x00000000f3180000)
  to   space 63488K, 0% used [0x00000000f9000000,0x00000000f9000000,0x00000000fce00000)
 ParOldGen       total 126464K, used 126038K [0x00000000a0000000, 0x00000000a7b80000, 0x00000000e0000000)
  object space 126464K, 99% used [0x00000000a0000000,0x00000000a7b15ba8,0x00000000a7b80000)
 Metaspace       used 80752K, capacity 82994K, committed 83248K, reserved 1122304K
  class space    used 10675K, capacity 11282K, committed 11312K, reserved 1048576K
Event: 26.195 GC heap after
Heap after GC invocations=21 (full 4):
 PSYoungGen      total 312832K, used 12186K [0x00000000e0000000, 0x00000000fce00000, 0x0000000100000000)
  eden space 275968K, 0% used [0x00000000e0000000,0x00000000e0000000,0x00000000f0d80000)
  from space 36864K, 33% used [0x00000000f0d80000,0x00000000f1966ae8,0x00000000f3180000)
  to   space 63488K, 0% used [0x00000000f9000000,0x00000000f9000000,0x00000000fce00000)
 ParOldGen       total 242688K, used 126128K [0x00000000a0000000, 0x00000000aed00000, 0x00000000e0000000)
  object space 242688K, 51% used [0x00000000a0000000,0x00000000a7b2c1e8,0x00000000aed00000)
 Metaspace       used 80752K, capacity 82994K, committed 83248K, reserved 1122304K
  class space    used 10675K, capacity 11282K, committed 11312K, reserved 1048576K
}
Event: 27.176 GC heap before
{Heap before GC invocations=22 (full 4):
 PSYoungGen      total 312832K, used 288154K [0x00000000e0000000, 0x00000000fce00000, 0x0000000100000000)
  eden space 275968K, 100% used [0x00000000e0000000,0x00000000f0d80000,0x00000000f0d80000)
  from space 36864K, 33% used [0x00000000f0d80000,0x00000000f1966ae8,0x00000000f3180000)
  to   space 63488K, 0% used [0x00000000f9000000,0x00000000f9000000,0x00000000fce00000)
 ParOldGen       total 242688K, used 126128K [0x00000000a0000000, 0x00000000aed00000, 0x00000000e0000000)
  object space 242688K, 51% used [0x00000000a0000000,0x00000000a7b2c1e8,0x00000000aed00000)
 Metaspace       used 80919K, capacity 83202K, committed 83504K, reserved 1122304K
  class space    used 10675K, capacity 11282K, committed 11312K, reserved 1048576K
Event: 27.248 GC heap after
Heap after GC invocations=22 (full 4):
 PSYoungGen      total 392192K, used 2624K [0x00000000e0000000, 0x00000000fc480000, 0x0000000100000000)
  eden space 338432K, 0% used [0x00000000e0000000,0x00000000e0000000,0x00000000f4a80000)
  from space 53760K, 4% used [0x00000000f9000000,0x00000000f9290000,0x00000000fc480000)
  to   space 62464K, 0% used [0x00000000f4a80000,0x00000000f4a80000,0x00000000f8780000)
 ParOldGen       total 242688K, used 138407K [0x00000000a0000000, 0x00000000aed00000, 0x00000000e0000000)
  object space 242688K, 57% used [0x00000000a0000000,0x00000000a8729fd0,0x00000000aed00000)
 Metaspace       used 80919K, capacity 83202K, committed 83504K, reserved 1122304K
  class space    used 10675K, capacity 11282K, committed 11312K, reserved 1048576K
}
Event: 29.511 GC heap before
{Heap before GC invocations=23 (full 4):
 PSYoungGen      total 392192K, used 341056K [0x00000000e0000000, 0x00000000fc480000, 0x0000000100000000)
  eden space 338432K, 100% used [0x00000000e0000000,0x00000000f4a80000,0x00000000f4a80000)
  from space 53760K, 4% used [0x00000000f9000000,0x00000000f9290000,0x00000000fc480000)
  to   space 62464K, 0% used [0x00000000f4a80000,0x00000000f4a80000,0x00000000f8780000)
 ParOldGen       total 242688K, used 138407K [0x00000000a0000000, 0x00000000aed00000, 0x00000000e0000000)
  object space 242688K, 57% used [0x00000000a0000000,0x00000000a8729fd0,0x00000000aed00000)
 Metaspace       used 82603K, capacity 84990K, committed 85168K, reserved 1122304K
  class space    used 10777K, capacity 11424K, committed 11440K, reserved 1048576K
Event: 29.584 GC heap after
Heap after GC invocations=23 (full 4):
 PSYoungGen      total 400896K, used 19918K [0x00000000e0000000, 0x0000000100000000, 0x0000000100000000)
  eden space 338432K, 0% used [0x00000000e0000000,0x00000000e0000000,0x00000000f4a80000)
  from space 62464K, 31% used [0x00000000f4a80000,0x00000000f5df3b30,0x00000000f8780000)
  to   space 58368K, 0% used [0x00000000fc700000,0x00000000fc700000,0x0000000100000000)
 ParOldGen       total 242688K, used 140943K [0x00000000a0000000, 0x00000000aed00000, 0x00000000e0000000)
  object space 242688K, 58% used [0x00000000a0000000,0x00000000a89a3fd0,0x00000000aed00000)
 Metaspace       used 82603K, capacity 84990K, committed 85168K, reserved 1122304K
  class space    used 10777K, capacity 11424K, committed 11440K, reserved 1048576K
}
Event: 33.694 GC heap before
{Heap before GC invocations=24 (full 4):
 PSYoungGen      total 400896K, used 358350K [0x00000000e0000000, 0x0000000100000000, 0x0000000100000000)
  eden space 338432K, 100% used [0x00000000e0000000,0x00000000f4a80000,0x00000000f4a80000)
  from space 62464K, 31% used [0x00000000f4a80000,0x00000000f5df3b30,0x00000000f8780000)
  to   space 58368K, 0% used [0x00000000fc700000,0x00000000fc700000,0x0000000100000000)
 ParOldGen       total 242688K, used 140943K [0x00000000a0000000, 0x00000000aed00000, 0x00000000e0000000)
  object space 242688K, 58% used [0x00000000a0000000,0x00000000a89a3fd0,0x00000000aed00000)
 Metaspace       used 84000K, capacity 86334K, committed 86576K, reserved 1124352K
  class space    used 10849K, capacity 11488K, committed 11568K, reserved 1048576K
Event: 33.766 GC heap after
Heap after GC invocations=24 (full 4):
 PSYoungGen      total 461824K, used 35121K [0x00000000e0000000, 0x0000000100000000, 0x0000000100000000)
  eden space 403456K, 0% used [0x00000000e0000000,0x00000000e0000000,0x00000000f8a00000)
  from space 58368K, 60% used [0x00000000fc700000,0x00000000fe94c6f0,0x0000000100000000)
  to   space 60416K, 0% used [0x00000000f8a00000,0x00000000f8a00000,0x00000000fc500000)
 ParOldGen       total 242688K, used 157639K [0x00000000a0000000, 0x00000000aed00000, 0x00000000e0000000)
  object space 242688K, 64% used [0x00000000a0000000,0x00000000a99f1c18,0x00000000aed00000)
 Metaspace       used 84000K, capacity 86334K, committed 86576K, reserved 1124352K
  class space    used 10849K, capacity 11488K, committed 11568K, reserved 1048576K
}
Event: 40.509 GC heap before
{Heap before GC invocations=25 (full 4):
 PSYoungGen      total 461824K, used 438577K [0x00000000e0000000, 0x0000000100000000, 0x0000000100000000)
  eden space 403456K, 100% used [0x00000000e0000000,0x00000000f8a00000,0x00000000f8a00000)
  from space 58368K, 60% used [0x00000000fc700000,0x00000000fe94c6f0,0x0000000100000000)
  to   space 60416K, 0% used [0x00000000f8a00000,0x00000000f8a00000,0x00000000fc500000)
 ParOldGen       total 242688K, used 157639K [0x00000000a0000000, 0x00000000aed00000, 0x00000000e0000000)
  object space 242688K, 64% used [0x00000000a0000000,0x00000000a99f1c18,0x00000000aed00000)
 Metaspace       used 94738K, capacity 98020K, committed 98096K, reserved 1134592K
  class space    used 12226K, capacity 13047K, committed 13104K, reserved 1048576K
Event: 40.571 GC heap after
Heap after GC invocations=25 (full 4):
 PSYoungGen      total 425472K, used 21841K [0x00000000e0000000, 0x00000000ffa00000, 0x0000000100000000)
  eden space 403456K, 0% used [0x00000000e0000000,0x00000000e0000000,0x00000000f8a00000)
  from space 22016K, 99% used [0x00000000f8a00000,0x00000000f9f545d0,0x00000000f9f80000)
  to   space 56320K, 0% used [0x00000000fc300000,0x00000000fc300000,0x00000000ffa00000)
 ParOldGen       total 242688K, used 188133K [0x00000000a0000000, 0x00000000aed00000, 0x00000000e0000000)
  object space 242688K, 77% used [0x00000000a0000000,0x00000000ab7b97d0,0x00000000aed00000)
 Metaspace       used 94738K, capacity 98020K, committed 98096K, reserved 1134592K
  class space    used 12226K, capacity 13047K, committed 13104K, reserved 1048576K
}

Deoptimization events (10 events):
Event: 41.475 Thread 0x000000001a296000 Uncommon trap: reason=unstable_if action=reinterpret pc=0x0000000003a2cda8 method=org.gradle.internal.remote.internal.inet.SocketConnection$SocketOutputStream.write([BII)V @ 64
Event: 41.494 Thread 0x000000001a5a9800 Uncommon trap: reason=class_check action=maybe_recompile pc=0x0000000003b13748 method=sun.nio.ch.IOUtil.read(Ljava/io/FileDescriptor;Ljava/nio/ByteBuffer;JLsun/nio/ch/NativeDispatcher;)I @ 1
Event: 41.495 Thread 0x000000001a5a9800 Uncommon trap: reason=class_check action=maybe_recompile pc=0x0000000003b13748 method=sun.nio.ch.IOUtil.read(Ljava/io/FileDescriptor;Ljava/nio/ByteBuffer;JLsun/nio/ch/NativeDispatcher;)I @ 1
Event: 41.495 Thread 0x000000001a5a9800 Uncommon trap: reason=unstable_if action=reinterpret pc=0x0000000002d8ec74 method=com.esotericsoftware.kryo.io.Input.require(I)I @ 117
Event: 318.415 Thread 0x000000001979c000 Uncommon trap: reason=class_check action=maybe_recompile pc=0x0000000003b13748 method=sun.nio.ch.IOUtil.read(Ljava/io/FileDescriptor;Ljava/nio/ByteBuffer;JLsun/nio/ch/NativeDispatcher;)I @ 1
Event: 318.417 Thread 0x000000001979c000 Uncommon trap: reason=class_check action=maybe_recompile pc=0x0000000004fb61dc method=java.lang.reflect.Array.newInstance(Ljava/lang/Class;I)Ljava/lang/Object; @ 2
Event: 318.417 Thread 0x000000001979c000 Uncommon trap: reason=class_check action=maybe_recompile pc=0x0000000003b13748 method=sun.nio.ch.IOUtil.read(Ljava/io/FileDescriptor;Ljava/nio/ByteBuffer;JLsun/nio/ch/NativeDispatcher;)I @ 1
Event: 318.424 Thread 0x000000001979d800 Uncommon trap: reason=unstable_if action=reinterpret pc=0x0000000002fde338 method=org.gradle.internal.logging.sink.LogEventDispatcher.onOutput(Lorg/gradle/internal/logging/events/OutputEvent;)V @ 35
Event: 318.439 Thread 0x0000000019798800 Uncommon trap: reason=unstable_if action=reinterpret pc=0x0000000004e232d4 method=java.util.Formatter.parse(Ljava/lang/String;)[Ljava/util/Formatter$FormatString; @ 47
Event: 318.439 Thread 0x0000000019798800 Uncommon trap: reason=unstable_if action=reinterpret pc=0x0000000002927cc8 method=java.util.Formatter$Conversion.isValid(C)Z @ 11

Classes redefined (0 events):
No events

Internal exceptions (10 events):
Event: 39.893 Thread 0x0000000019798800 Exception <a 'java/lang/NoSuchMethodError': java.lang.Object.newSystemTemporaryDirectory()Lcom/android/tools/build/apkzlib/bytestorage/TemporaryDirectory;> (0x00000000f4e88e08) thrown at [D:\src\AOSP-openjdk-cygwin\jdk8u\hotspot\src\share\vm\interpreter\l
Event: 40.060 Thread 0x0000000019798800 Exception <a 'java/lang/NoSuchMethodError': java.lang.Object.lambda$asRunnable$0(Lcom/android/tools/build/apkzlib/utils/IOExceptionRunnable;)V> (0x00000000f57048c0) thrown at [D:\src\AOSP-openjdk-cygwin\jdk8u\hotspot\src\share\vm\interpreter\linkResolver.
Event: 40.395 Thread 0x0000000019798800 Exception <a 'java/lang/NoSuchMethodError': java.lang.Object.lambda$comparing$ea9a8b3a$1(Ljava/util/Comparator;Ljava/util/function/Function;Ljava/lang/Object;Ljava/lang/Object;)I> (0x00000000f75a3488) thrown at [D:\src\AOSP-openjdk-cygwin\jdk8u\hotspot\sr
Event: 41.471 Thread 0x000000001a296000 Exception <a 'java/lang/NoSuchMethodError': <clinit>> (0x00000000e5a4a750) thrown at [D:\src\AOSP-openjdk-cygwin\jdk8u\hotspot\src\share\vm\prims\jni.cpp, line 1613]
Event: 41.472 Thread 0x000000001a296000 Exception <a 'java/lang/NoSuchMethodError': <clinit>> (0x00000000e5a56778) thrown at [D:\src\AOSP-openjdk-cygwin\jdk8u\hotspot\src\share\vm\prims\jni.cpp, line 1613]
Event: 41.473 Thread 0x000000001a296000 Exception <a 'java/lang/NoSuchMethodError': <clinit>> (0x00000000e5a610e0) thrown at [D:\src\AOSP-openjdk-cygwin\jdk8u\hotspot\src\share\vm\prims\jni.cpp, line 1613]
Event: 41.474 Thread 0x000000001a296000 Exception <a 'java/lang/NoSuchMethodError': <clinit>> (0x00000000e5a6cfb8) thrown at [D:\src\AOSP-openjdk-cygwin\jdk8u\hotspot\src\share\vm\prims\jni.cpp, line 1613]
Event: 41.477 Thread 0x000000001a296000 Exception <a 'java/lang/NoSuchMethodError': <clinit>> (0x00000000e5a86650) thrown at [D:\src\AOSP-openjdk-cygwin\jdk8u\hotspot\src\share\vm\prims\jni.cpp, line 1613]
Event: 41.478 Thread 0x000000001a296000 Exception <a 'java/lang/NoSuchMethodError': <clinit>> (0x00000000e5a96938) thrown at [D:\src\AOSP-openjdk-cygwin\jdk8u\hotspot\src\share\vm\prims\jni.cpp, line 1613]
Event: 41.480 Thread 0x000000001a296000 Exception <a 'java/lang/NoSuchMethodError': <clinit>> (0x00000000e5a9c480) thrown at [D:\src\AOSP-openjdk-cygwin\jdk8u\hotspot\src\share\vm\prims\jni.cpp, line 1613]

Events (10 events):
Event: 318.424 Thread 0x000000001979d800 DEOPT UNPACKING pc=0x000000000244557b sp=0x000000001b27e3a0 mode 2
Event: 318.431 Thread 0x0000000019798800 Thread added: 0x0000000019798800
Event: 318.439 Thread 0x0000000019797800 Thread added: 0x0000000019797800
Event: 318.439 Thread 0x0000000019798800 Uncommon trap: trap_request=0xffffff65 fr.pc=0x0000000004e232d4
Event: 318.439 Thread 0x0000000019798800 DEOPT PACKING pc=0x0000000004e232d4 sp=0x000000001f96e670
Event: 318.439 Thread 0x0000000019798800 DEOPT UNPACKING pc=0x000000000244557b sp=0x000000001f96e6d0 mode 2
Event: 318.439 Thread 0x0000000019798800 Uncommon trap: trap_request=0xffffff65 fr.pc=0x0000000002927cc8
Event: 318.439 Thread 0x0000000019798800 DEOPT PACKING pc=0x0000000002927cc8 sp=0x000000001f96e580
Event: 318.439 Thread 0x0000000019798800 DEOPT UNPACKING pc=0x000000000244557b sp=0x000000001f96e510 mode 2
Event: 318.444 Thread 0x000000001be64800 Thread added: 0x000000001be64800


Dynamic libraries:
0x000000013fee0000 - 0x000000013ff11000 	C:\Program Files\Android\Android Studio1\jre\bin\java.exe
0x0000000077120000 - 0x00000000772bf000 	C:\Windows\SYSTEM32\ntdll.dll
0x0000000077000000 - 0x000000007711f000 	C:\Windows\system32\kernel32.dll
0x000007fefcd90000 - 0x000007fefcdfa000 	C:\Windows\system32\KERNELBASE.dll
0x000007fefe750000 - 0x000007fefe82b000 	C:\Windows\system32\ADVAPI32.dll
0x000007fefd200000 - 0x000007fefd29f000 	C:\Windows\system32\msvcrt.dll
0x000007feff250000 - 0x000007feff26f000 	C:\Windows\SYSTEM32\sechost.dll
0x000007fefd2a0000 - 0x000007fefd3cd000 	C:\Windows\system32\RPCRT4.dll
0x0000000076f00000 - 0x0000000076ffa000 	C:\Windows\system32\USER32.dll
0x000007fefe600000 - 0x000007fefe667000 	C:\Windows\system32\GDI32.dll
0x000007fefe570000 - 0x000007fefe57e000 	C:\Windows\system32\LPK.dll
0x000007feff270000 - 0x000007feff33b000 	C:\Windows\system32\USP10.dll
0x000007fefb2b0000 - 0x000007fefb4a4000 	C:\Windows\WinSxS\amd64_microsoft.windows.common-controls_6595b64144ccf1df_6.0.7601.18837_none_fa3b1e3d17594757\COMCTL32.dll
0x000007fefec90000 - 0x000007fefed01000 	C:\Windows\system32\SHLWAPI.dll
0x000007feff1d0000 - 0x000007feff1fe000 	C:\Windows\system32\IMM32.DLL
0x000007fefe340000 - 0x000007fefe449000 	C:\Windows\system32\MSCTF.dll
0x0000000077920000 - 0x00000000779f2000 	C:\Program Files\Android\Android Studio1\jre\jre\bin\msvcr100.dll
0x0000000050f40000 - 0x0000000051781000 	C:\Program Files\Android\Android Studio1\jre\jre\bin\server\jvm.dll
0x000007fef9220000 - 0x000007fef9229000 	C:\Windows\system32\WSOCK32.dll
0x000007feff200000 - 0x000007feff24d000 	C:\Windows\system32\WS2_32.dll
0x000007fefed10000 - 0x000007fefed18000 	C:\Windows\system32\NSI.dll
0x000007fefa4a0000 - 0x000007fefa4db000 	C:\Windows\system32\WINMM.dll
0x000007fefbcd0000 - 0x000007fefbcdc000 	C:\Windows\system32\VERSION.dll
0x00000000772d0000 - 0x00000000772d7000 	C:\Windows\system32\PSAPI.DLL
0x000007feea680000 - 0x000007feea68f000 	C:\Program Files\Android\Android Studio1\jre\jre\bin\verify.dll
0x000007fee9d50000 - 0x000007fee9d79000 	C:\Program Files\Android\Android Studio1\jre\jre\bin\java.dll
0x000007fee9d30000 - 0x000007fee9d46000 	C:\Program Files\Android\Android Studio1\jre\jre\bin\zip.dll
0x000007fefd5b0000 - 0x000007fefe33a000 	C:\Windows\system32\SHELL32.dll
0x000007fefd000000 - 0x000007fefd1ff000 	C:\Windows\system32\ole32.dll
0x000007fefcc40000 - 0x000007fefcc4f000 	C:\Windows\system32\profapi.dll
0x000007fee9d10000 - 0x000007fee9d2a000 	C:\Program Files\Android\Android Studio1\jre\jre\bin\net.dll
0x000007fefc3a0000 - 0x000007fefc3f5000 	C:\Windows\system32\mswsock.dll
0x000007fefc600000 - 0x000007fefc607000 	C:\Windows\System32\wship6.dll
0x000007fee9cf0000 - 0x000007fee9d01000 	C:\Program Files\Android\Android Studio1\jre\jre\bin\nio.dll
0x000007fef9e10000 - 0x000007fef9e2e000 	C:\Users\Michel\.gradle\native\25\windows-amd64\native-platform.dll
0x000007fee9ce0000 - 0x000007fee9ced000 	C:\Program Files\Android\Android Studio1\jre\jre\bin\management.dll
0x000007fefc550000 - 0x000007fefc568000 	C:\Windows\system32\CRYPTSP.dll
0x000007fefc0e0000 - 0x000007fefc127000 	C:\Windows\system32\rsaenh.dll
0x000007fefcf70000 - 0x000007fefcf8e000 	C:\Windows\system32\USERENV.dll
0x000007fefcae0000 - 0x000007fefcaef000 	C:\Windows\system32\CRYPTBASE.dll
0x000007fef9230000 - 0x000007fef9257000 	C:\Windows\system32\IPHLPAPI.DLL
0x000007fef93b0000 - 0x000007fef93bb000 	C:\Windows\system32\WINNSI.DLL
0x000007fef9000000 - 0x000007fef9018000 	C:\Windows\system32\dhcpcsvc.DLL
0x000007fef8df0000 - 0x000007fef8e01000 	C:\Windows\system32\dhcpcsvc6.DLL
0x000007fef50e0000 - 0x000007fef5104000 	C:\Program Files\Android\Android Studio1\jre\jre\bin\sunec.dll
0x000007fefbfb0000 - 0x000007fefbfb7000 	C:\Windows\System32\wshtcpip.dll
0x000007fefc1d0000 - 0x000007fefc22b000 	C:\Windows\system32\DNSAPI.dll
0x000007fef4f90000 - 0x000007fef4f98000 	C:\Windows\system32\rasadhlp.dll
0x000007fef90a0000 - 0x000007fef90f3000 	C:\Windows\System32\fwpuclnt.dll
0x000007fef50d0000 - 0x000007fef50db000 	C:\Program Files\Android\Android Studio1\jre\jre\bin\sunmscapi.dll
0x000007fefce00000 - 0x000007fefcf6d000 	C:\Windows\system32\CRYPT32.dll
0x000007fefcc50000 - 0x000007fefcc5f000 	C:\Windows\system32\MSASN1.dll
0x000007fefca80000 - 0x000007fefcad7000 	C:\Windows\system32\apphelp.dll
0x000007fef9f30000 - 0x000007fefa055000 	C:\Windows\system32\dbghelp.dll

VM Arguments:
jvm_args: -Xmx1536m -Dfile.encoding=windows-1252 -Duser.country=CA -Duser.language=en -Duser.variant 
java_command: org.gradle.launcher.daemon.bootstrap.GradleDaemon 4.10.1
java_class_path (initial): C:\Users\Michel\.gradle\wrapper\dists\gradle-4.10.1-all\455itskqi2qtf0v2sja68alqd\gradle-4.10.1\lib\gradle-launcher-4.10.1.jar
Launcher Type: SUN_STANDARD

Environment Variables:
PATH=C:\ProgramData\Oracle\Java\javapath;C:\Windows\system32;C:\Windows;C:\Windows\System32\Wbem;C:\Windows\System32\WindowsPowerShell\v1.0\;C:\Program Files (x86)\GtkSharp\2.12\bin;C:\Users\Michel\AppData\Local\Android\sdk\platform-tools;C:\Program Files (x86)\ATI Technologies\ATI.ACE\Core-Static;C:\Users\Michel\AppData\Local\GitHubDesktop\bin
USERNAME=Michel
OS=Windows_NT
PROCESSOR_IDENTIFIER=Intel64 Family 6 Model 42 Stepping 7, GenuineIntel



---------------  S Y S T E M  ---------------

OS: Windows 7 , 64 bit Build 7601 (6.1.7601.24358)

CPU:total 8 (initial active 8) (4 cores per cpu, 2 threads per core) family 6 model 42 stepping 7, cmov, cx8, fxsr, mmx, sse, sse2, sse3, ssse3, sse4.1, sse4.2, popcnt, avx, aes, clmul, ht, tsc, tscinvbit

Memory: 4k page, physical 8337772k(433816k free), swap 16673640k(5209664k free)

vm_info: OpenJDK 64-Bit Server VM (25.152-b01) for windows-amd64 JRE (1.8.0_152-release-1248-b01), built by "builder" with MS VC++ 10.0 (VS2010)

time: Fri Feb 22 02:28:34 2019
elapsed time: 318 seconds (0d 0h 5m 18s)

